[2022-09-20 22:41:38] This is codeql database create cpp-database --language=cpp --command=make
[2022-09-20 22:41:38] Log file was started late.
[2022-09-20 22:41:38] [PROGRESS] database create> Initializing database at G:\wsl_file\yanshou\src\cpp-database.
[2022-09-20 22:41:38] Running plumbing command: codeql database init --language=cpp --source-root=G:\wsl_file\yanshou\src --allow-missing-source-root=false --allow-already-existing -- G:\wsl_file\yanshou\src\cpp-database
[2022-09-20 22:41:38] [PROGRESS] database init> Counting lines of code in G:\wsl_file\yanshou\src
[2022-09-20 22:41:38] [PROGRESS] database init> Resolving extractor cpp.
[2022-09-20 22:41:38] Calling plumbing command: codeql resolve languages --format=json
[2022-09-20 22:41:38] [DETAILS] resolve languages> Scanning for [codeql-extractor.yml] from F:\CodeQL\codeql\.codeqlmanifest.json
[2022-09-20 22:41:38] [DETAILS] resolve languages> Parsing F:\CodeQL\codeql\cpp\codeql-extractor.yml.
[2022-09-20 22:41:38] [DETAILS] resolve languages> Parsing F:\CodeQL\codeql\csharp\codeql-extractor.yml.
[2022-09-20 22:41:39] [DETAILS] resolve languages> Parsing F:\CodeQL\codeql\csv\codeql-extractor.yml.
[2022-09-20 22:41:39] [DETAILS] resolve languages> Parsing F:\CodeQL\codeql\go\codeql-extractor.yml.
[2022-09-20 22:41:39] [DETAILS] resolve languages> Parsing F:\CodeQL\codeql\html\codeql-extractor.yml.
[2022-09-20 22:41:39] [DETAILS] resolve languages> Parsing F:\CodeQL\codeql\java\codeql-extractor.yml.
[2022-09-20 22:41:39] [DETAILS] resolve languages> Parsing F:\CodeQL\codeql\javascript\codeql-extractor.yml.
[2022-09-20 22:41:39] [DETAILS] resolve languages> Parsing F:\CodeQL\codeql\properties\codeql-extractor.yml.
[2022-09-20 22:41:39] [DETAILS] resolve languages> Parsing F:\CodeQL\codeql\python\codeql-extractor.yml.
[2022-09-20 22:41:39] [DETAILS] resolve languages> Parsing F:\CodeQL\codeql\ruby\codeql-extractor.yml.
[2022-09-20 22:41:39] [DETAILS] resolve languages> Parsing F:\CodeQL\codeql\xml\codeql-extractor.yml.
[2022-09-20 22:41:39] Plumbing command codeql resolve languages completed:
                      {
                        "extractors" : {
                          "cpp" : [
                            {
                              "extractor_root" : "F:\\CodeQL\\codeql\\cpp"
                            }
                          ],
                          "csharp" : [
                            {
                              "extractor_root" : "F:\\CodeQL\\codeql\\csharp",
                              "extractor_options" : {
                                "trap" : {
                                  "title" : "Options pertaining to TRAP.",
                                  "description" : "Options pertaining to TRAP.",
                                  "type" : "object",
                                  "properties" : {
                                    "compression" : {
                                      "title" : "Controls compression for the TRAP files written by the extractor.",
                                      "description" : "This option is only intended for use in debugging the extractor. Accepted values are 'brotli' (the default, to write brotli-compressed TRAP), 'gzip', and 'none' (to write uncompressed TRAP).\n",
                                      "type" : "string",
                                      "pattern" : "^(none|gzip|brotli)$"
                                    }
                                  }
                                },
                                "buildless" : {
                                  "title" : "Whether to use buildless (standalone) extraction.",
                                  "description" : "A value indicating, which type of extraction the autobuilder should perform. If 'true', then the standalone extractor will be used, otherwise tracing extraction will be performed. The default is 'false'. Note that buildless extraction will generally yield less accurate analysis results, and should only be used in cases where it is not possible to build the code (for example if it uses inaccessible dependencies).\n",
                                  "type" : "string",
                                  "pattern" : "^(false|true)$"
                                }
                              }
                            }
                          ],
                          "csv" : [
                            {
                              "extractor_root" : "F:\\CodeQL\\codeql\\csv"
                            }
                          ],
                          "go" : [
                            {
                              "extractor_root" : "F:\\CodeQL\\codeql\\go"
                            }
                          ],
                          "html" : [
                            {
                              "extractor_root" : "F:\\CodeQL\\codeql\\html"
                            }
                          ],
                          "java" : [
                            {
                              "extractor_root" : "F:\\CodeQL\\codeql\\java",
                              "extractor_options" : {
                                "exclude" : {
                                  "title" : "A glob excluding files from analysis.",
                                  "description" : "A glob indicating what files to exclude from the analysis.\n",
                                  "type" : "string"
                                }
                              }
                            }
                          ],
                          "javascript" : [
                            {
                              "extractor_root" : "F:\\CodeQL\\codeql\\javascript",
                              "extractor_options" : { }
                            }
                          ],
                          "properties" : [
                            {
                              "extractor_root" : "F:\\CodeQL\\codeql\\properties"
                            }
                          ],
                          "python" : [
                            {
                              "extractor_root" : "F:\\CodeQL\\codeql\\python"
                            }
                          ],
                          "ruby" : [
                            {
                              "extractor_root" : "F:\\CodeQL\\codeql\\ruby"
                            }
                          ],
                          "xml" : [
                            {
                              "extractor_root" : "F:\\CodeQL\\codeql\\xml"
                            }
                          ]
                        }
                      }
[2022-09-20 22:41:39] [DETAILS] database init> Found candidate extractor root for cpp: F:\CodeQL\codeql\cpp.
[2022-09-20 22:41:39] [PROGRESS] database init> Successfully loaded extractor C/C++ (cpp) from F:\CodeQL\codeql\cpp.
[2022-09-20 22:41:39] [PROGRESS] database init> Created skeleton CodeQL database at G:\wsl_file\yanshou\src\cpp-database. This in-progress database is ready to be populated by an extractor.
[2022-09-20 22:41:39] Plumbing command codeql database init completed.
[2022-09-20 22:41:39] [PROGRESS] database create> Running build command: [make]
[2022-09-20 22:41:39] Running plumbing command: codeql database trace-command --working-dir=G:\wsl_file\yanshou\src --index-traceless-dbs --no-db-cluster -- G:\wsl_file\yanshou\src\cpp-database make
[2022-09-20 22:41:39] [PROGRESS] database trace-command> Running command in G:\wsl_file\yanshou\src: [make]
[2022-09-20 22:41:39] [build-stderr] 'make' 不是内部或外部命令，也不是可运行的程序
[2022-09-20 22:41:39] [build-stderr] 或批处理文件。
[2022-09-20 22:41:39] [ERROR] Spawned process exited abnormally (code 1; tried to run: [F:\CodeQL\codeql\tools\win64\tracer.exe, F:\CodeQL\codeql\tools\win64\runner.exe, cmd.exe, /C, type, NUL, &&, make])
[2022-09-20 22:41:39] Exception caught at top level: Exit status 1 from command: [F:\CodeQL\codeql\tools\win64\runner.exe, cmd.exe, /C, type, NUL, &&, make]
                      com.semmle.cli2.database.DatabaseProcessCommandCommon.executeSubcommand(DatabaseProcessCommandCommon.java:215)
                      com.semmle.cli2.database.TraceCommandCommand.executeSubcommand(TraceCommandCommand.java:85)
                      com.semmle.cli2.picocli.PlumbingRunner.run(PlumbingRunner.java:110)
                      com.semmle.cli2.picocli.SubcommandCommon.runPlumbingInProcess(SubcommandCommon.java:162)
                      com.semmle.cli2.database.CreateCommand.executeSubcommand(CreateCommand.java:151)
                      com.semmle.cli2.picocli.SubcommandCommon.call(SubcommandCommon.java:500)
                      com.semmle.cli2.picocli.SubcommandMaker.runMain(SubcommandMaker.java:205)
                      com.semmle.cli2.picocli.SubcommandMaker.runMain(SubcommandMaker.java:214)
                      com.semmle.cli2.CodeQL.main(CodeQL.java:98)
